<?xml version="1.0" encoding="UTF-8"?>
<testng-results ignored="0" total="1" passed="1" failed="0" skipped="0">
  <reporter-output>
  </reporter-output>
  <suite started-at="2022-11-21T14:45:57 IST" name="Suite" finished-at="2022-11-21T14:48:14 IST" duration-ms="137502">
    <groups>
      <group name="cucumber">
        <method signature="Swaggyrunner.feature(cucumber.api.testng.CucumberFeatureWrapper)[pri:0, instance:Runner.Swaggyrunner@730d2164]" name="feature" class="Runner.Swaggyrunner"/>
      </group> <!-- cucumber -->
    </groups>
    <test started-at="2022-11-21T14:45:57 IST" name="Test" finished-at="2022-11-21T14:48:14 IST" duration-ms="137502">
      <class name="Runner.Swaggyrunner">
        <test-method is-config="true" signature="setup()[pri:0, instance:Runner.Swaggyrunner@730d2164]" started-at="2022-11-21T14:45:57 IST" name="setup" finished-at="2022-11-21T14:45:57 IST" duration-ms="438" status="PASS">
          <reporter-output>
          </reporter-output>
        </test-method> <!-- setup -->
        <test-method signature="feature(cucumber.api.testng.CucumberFeatureWrapper)[pri:0, instance:Runner.Swaggyrunner@730d2164]" started-at="2022-11-21T14:45:57 IST" name="feature" description="Run cucumber feature" data-provider="features" finished-at="2022-11-21T14:48:14 IST" duration-ms="136793" status="PASS">
          <params>
            <param index="0">
              <value>
                <![CDATA[Swaggy]]>
              </value>
            </param>
          </params>
          <reporter-output>
          </reporter-output>
        </test-method> <!-- feature -->
        <test-method is-config="true" signature="teardown()[pri:0, instance:Runner.Swaggyrunner@730d2164]" started-at="2022-11-21T14:48:14 IST" name="teardown" finished-at="2022-11-21T14:48:14 IST" duration-ms="69" status="PASS">
          <reporter-output>
          </reporter-output>
        </test-method> <!-- teardown -->
      </class> <!-- Runner.Swaggyrunner -->
    </test> <!-- Test -->
  </suite> <!-- Suite -->
</testng-results>
